
Showing logs for build [32mnervosnetwork-muta-pr-333-pr-bu-sf8dg-21[0m stage [32mci[0m and container [32mstep-credential-initializer-mtght[0m
{"level":"info","ts":1593769847.9510417,"logger":"fallback-logger","caller":"logging/config.go:69","msg":"Fetch GitHub commit ID from kodata failed: open /var/run/ko/refs/heads/0.8.0-ns-support: no such file or directory"}
{"level":"info","ts":1593769847.951353,"logger":"fallback-logger","caller":"creds-init/main.go:40","msg":"Credentials initialized."}

Showing logs for build [32mnervosnetwork-muta-pr-333-pr-bu-sf8dg-21[0m stage [32mci[0m and container [32mstep-working-dir-initializer-4zkvh[0m
{"level":"info","ts":1593769849.2941473,"logger":"fallback-logger","caller":"logging/config.go:69","msg":"Fetch GitHub commit ID from kodata failed: open /var/run/ko/HEAD: no such file or directory"}
{"level":"info","ts":1593769849.2947598,"logger":"fallback-logger","caller":"bash/main.go:64","msg":"Successfully executed command \"sh -c mkdir -p /workspace/source\"; output "}

Showing logs for build [32mnervosnetwork-muta-pr-333-pr-bu-sf8dg-21[0m stage [32mci[0m and container [32mstep-place-tools[0m

Showing logs for build [32mnervosnetwork-muta-pr-333-pr-bu-sf8dg-21[0m stage [32mci[0m and container [32mstep-git-source-nervosnetwork-muta-pr-333-pr-bu-sf8dg-9csqf[0m
{"level":"info","ts":1593769855.348456,"logger":"fallback-logger","caller":"logging/config.go:69","msg":"Fetch GitHub commit ID from kodata failed: open /var/run/ko/refs/heads/0.8.0-ns-support: no such file or directory"}
{"level":"info","ts":1593769857.7612095,"logger":"fallback-logger","caller":"git/git.go:103","msg":"Successfully cloned https://github.com/nervosnetwork/muta.git @ master in path /workspace/source"}

Showing logs for build [32mnervosnetwork-muta-pr-333-pr-bu-sf8dg-21[0m stage [32mci[0m and container [32mstep-setup-builder-home[0m

Showing logs for build [32mnervosnetwork-muta-pr-333-pr-bu-sf8dg-21[0m stage [32mci[0m and container [32mstep-git-merge[0m
Using SHAs from PULL_REFS=master:a4ab4a6209e0978148983e88447ac2d9178fa42a,333:0c8fe07911dadf04e50fc0d6ced61e8fd26e627d
DEBUG: LC_ALL=C JX_LOG_LEVEL=error git fetch origin --unshallow 0c8fe07911dadf04e50fc0d6ced61e8fd26e627d: a4ab4a6209e0978148983e88447ac2d9178fa42a:
DEBUG: ran git fetch --unshallow origin 0c8fe07911dadf04e50fc0d6ced61e8fd26e627d: a4ab4a6209e0978148983e88447ac2d9178fa42a: in 
DEBUG: JX_LOG_LEVEL=error LC_ALL=C git branch
DEBUG: JX_LOG_LEVEL=error LC_ALL=C git checkout master
DEBUG: ran git checkout master in 
DEBUG: LC_ALL=C JX_LOG_LEVEL=error git reset --hard a4ab4a6209e0978148983e88447ac2d9178fa42a
DEBUG: ran git reset --hard a4ab4a6209e0978148983e88447ac2d9178fa42a in 
DEBUG: LC_ALL=C JX_LOG_LEVEL=error git clean -fd .
DEBUG: ran clean --force -d . in 
DEBUG: LC_ALL=C JX_LOG_LEVEL=error git merge 0c8fe07911dadf04e50fc0d6ced61e8fd26e627d
DEBUG: ran git merge 0c8fe07911dadf04e50fc0d6ced61e8fd26e627d in 
DEBUG: LC_ALL=C JX_LOG_LEVEL=error git log --format=%H%x1f%an%x1f%ae%x1f%cn%x1f%ce%x1f%s%n%b%x1e a4ab4a6209e0978148983e88447ac2d9178fa42a..HEAD
Merged SHA 0c8fe07911dadf04e50fc0d6ced61e8fd26e627d with commit message 'update e2e-env' into base branch master
Merged SHA 762c076449a21c045ebc1f96076d2e19dc468271 with commit message 'Merge pull request #7 from zeroqn/fix-trust-metrics-integration-tests-panic-rpc-timeout' into base branch master
Merged SHA 1cddc6f1c286e3d8c7a0787ad3a51e5e60bd6123 with commit message 'chore(e2e): upgrade dependencies' into base branch master
Merged SHA 9934580172fdf1dd3bf9bf69b47c2427de35e2fe with commit message 'Merge pull request #6 from zeroqn/fix-trust-metrics-integration-tests-panic-rpc-timeout' into base branch master
Merged SHA 5ff6010a1395e07e95e858cf2ce00c48fedb2fb7 with commit message 'change(trust_metric_test): check running status before rpc and broadcast' into base branch master
Merged SHA 3072304602ddad62f76df0d0d6eddc423a20f5d9 with commit message 'fix(trust_metric_test): await spawned consensus join handle' into base branch master
Merged SHA ec828379c0ee1979e3b7d35953fc43f2023c9e7a with commit message 'Merge pull request #5 from zeroqn/fix-trust-metrics-integration-tests-panic-rpc-timeout' into base branch master
Merged SHA f5110ba911e8f5fec88417dd4cf085eff0c31675 with commit message 'fix(trust_metric_test): rpc timeout failure after full node panic' into base branch master
Merged SHA 76529e94cbfa499a784395217e66b9431e0a6f8c with commit message 'remove Travis CI' into base branch master
Merged SHA 09c4fd8dde711bb76c80732bb4ea7baf39d27b87 with commit message 'update' into base branch master
Merged SHA 972891939c6432a8d4962e321f7e953085d33ba2 with commit message 'update' into base branch master
Merged SHA 487eb43211a818a05dfa5254960f56b0d71412b7 with commit message 'add e2e env' into base branch master
Merged SHA a23d0afe0c3f53143faceef585dde497c3e6d31e with commit message 'update' into base branch master
Merged SHA b72887042f9b56b09b59822fc813b75b96bb38e4 with commit message 'update' into base branch master
Merged SHA d07784b3c31c975eb649faefdfe31fb4b2df5b40 with commit message 'update' into base branch master
Merged SHA 2a42e0490f2c95991a240656f51f4dd6f68161de with commit message 'update' into base branch master
Merged SHA 5c1068b2c869fdcfb38dd760f5e6cc41e5175ab0 with commit message 'update jenkins-x' into base branch master
Merged SHA 034085b26331865cf941307eecad707356da4961 with commit message 'Test cicd' into base branch master

Showing logs for build [32mnervosnetwork-muta-pr-333-pr-bu-sf8dg-21[0m stage [32mci[0m and container [32mstep-make-ci[0m
cargo fmt  --all -- --check
info: syncing channel updates for 'nightly-2020-05-14-x86_64-unknown-linux-gnu'
info: latest update on 2020-05-14, rust version 1.45.0-nightly (75e1463c5 2020-05-13)
info: downloading component 'cargo'
info: downloading component 'clippy'
info: downloading component 'rust-docs'
info: downloading component 'rust-std'
info: downloading component 'rustc'
info: downloading component 'rustfmt'
info: installing component 'cargo'
info: installing component 'clippy'
info: installing component 'rust-docs'
info: installing component 'rust-std'
info: installing component 'rustc'
info: installing component 'rustfmt'
env  cargo clippy  --all --all-targets --all-features -- \
	-D warnings -D clippy::clone_on_ref_ptr -D clippy::enum_glob_use
   Compiling libc v0.2.71
   Compiling proc-macro2 v1.0.18
   Compiling unicode-xid v0.2.1
   Compiling syn v1.0.33
   Compiling serde_derive v1.0.114
   Compiling serde v1.0.114
    Checking cfg-if v0.1.10
   Compiling autocfg v1.0.0
   Compiling maybe-uninit v2.0.0
    Checking lazy_static v1.4.0
   Compiling byteorder v1.3.4
   Compiling log v0.4.8
   Compiling memchr v2.3.3
   Compiling either v1.5.3
    Checking futures v0.1.29
   Compiling scopeguard v1.1.0
    Checking slab v0.4.2
   Compiling rayon-core v1.7.1
    Checking fnv v1.0.7
   Compiling autocfg v0.1.7
    Checking itoa v0.4.6
   Compiling pin-project-internal v0.4.22
   Compiling semver-parser v0.7.0
   Compiling proc-macro-nested v0.1.6
   Compiling proc-macro-hack v0.5.16
    Checking futures-core v0.3.5
    Checking futures-sink v0.3.5
   Compiling ryu v1.0.5
    Checking rand_core v0.4.2
    Checking once_cell v1.4.0
   Compiling serde_json v1.0.56
    Checking futures-io v0.3.5
    Checking pin-utils v0.1.0
   Compiling getrandom v0.1.14
   Compiling bitflags v1.2.1
   Compiling crunchy v0.2.2
   Compiling heapsize v0.4.2
    Checking smallvec v1.4.0
    Checking gimli v0.21.0
   Compiling crunchy v0.1.6
    Checking adler32 v1.1.0
    Checking object v0.20.0
    Checking rustc-demangle v0.1.16
    Checking ppv-lite86 v0.2.8
   Compiling typenum v1.12.0
   Compiling anyhow v1.0.31
    Checking rustc-hex v2.1.0
   Compiling proc-macro2 v0.4.30
   Compiling unicode-xid v0.1.0
   Compiling syn v0.15.44
    Checking opaque-debug v0.2.3
    Checking percent-encoding v2.1.0
    Checking json v0.12.4
    Checking byte-tools v0.3.1
    Checking dyn-clone v1.0.2
    Checking hex v0.4.2
    Checking arc-swap v0.4.7
    Checking hashbrown v0.3.1
   Compiling version_check v0.9.2
    Checking pin-project-lite v0.1.7
   Compiling failure_derive v0.1.8
    Checking tinyvec v0.3.3
    Checking matches v0.1.8
   Compiling regex-syntax v0.6.18
    Checking spin v0.5.2
    Checking match_cfg v0.1.0
   Compiling protobuf v2.15.1
   Compiling prometheus v0.8.0 (https://github.com/tikv/rust-prometheus.git?rev=fd122caa03#fd122caa)
    Checking keccak v0.1.0
    Checking miracl_amcl v3.2.5
   Compiling pkg-config v0.3.17
   Compiling glob v0.3.0
   Compiling quick-error v1.2.3
    Checking percent-encoding v1.0.1
   Compiling unicode-width v0.1.8
   Compiling ansi_term v0.11.0
    Checking foreign-types-shared v0.1.1
   Compiling openssl v0.10.30
   Compiling termcolor v1.1.0
   Compiling bindgen v0.53.3
   Compiling strsim v0.8.0
   Compiling vec_map v0.8.2
   Compiling yaml-rust v0.3.5
   Compiling shlex v0.1.1
   Compiling peeking_take_while v0.1.2
   Compiling rustc-hash v1.1.0
   Compiling lazycell v1.2.1
    Checking untrusted v0.7.1
    Checking unsigned-varint v0.2.3
    Checking fake-simd v0.1.2
   Compiling crc32fast v1.2.0
    Checking dtoa v0.4.6
    Checking linked-hash-map v0.5.3
   Compiling tentacle-secio v0.2.2 (https://github.com/zeroqn/p2p?rev=31db6ad#31db6ad8)
    Checking adler v0.2.2
    Checking bs58 v0.3.1
    Checking instant v0.1.5
   Compiling httparse v1.3.4
    Checking copyless v0.1.5
   Compiling encoding_rs v0.8.23
   Compiling unicode-segmentation v1.6.0
    Checking futures-timer v2.0.2
    Checking mime v0.3.16
   Compiling rustversion v1.0.3
    Checking futures-timer v3.0.2
    Checking traitobject v0.1.0
    Checking bit-vec v0.6.2
    Checking try-lock v0.2.2
   Compiling native-tls v0.2.4
    Checking language-tags v0.2.2
    Checking sha1 v0.6.0
    Checking base64 v0.11.0
    Checking arc-swap v0.3.11
    Checking antidote v1.0.0
    Checking openssl-probe v0.1.2
    Checking log-mdc v0.1.0
    Checking static_merkle_tree v1.1.0
    Checking uuid v0.8.1
    Checking stringreader v0.1.1
    Checking subtle v1.0.0
    Checking static_assertions v1.1.0
    Checking stable_deref_trait v1.1.1
    Checking bs58 v0.2.5
    Checking hex v0.3.2
    Checking creep v0.1.1
    Checking common-pubsub v0.1.0-alpha.0 (/workspace/source/common/pubsub)
    Checking common-channel v0.1.0-alpha.0 (/workspace/source/common/channel)
    Checking try_from v0.3.2
   Compiling thread_local v1.0.1
   Compiling lock_api v0.2.0
    Checking lock_api v0.3.4
    Checking lock_api v0.4.0
   Compiling itertools v0.8.2
    Checking futures-channel v0.3.5
   Compiling semver v0.9.0
    Checking futures-task v0.3.5
    Checking rand_core v0.3.1
    Checking rand_jitter v0.1.4
    Checking miniz_oxide v0.3.7
   Compiling crossbeam-utils v0.7.2
   Compiling memoffset v0.5.5
   Compiling crossbeam-epoch v0.8.2
   Compiling rayon v1.3.1
   Compiling num-traits v0.2.12
   Compiling num-integer v0.1.43
   Compiling indexmap v1.4.0
   Compiling num-bigint v0.2.6
    Checking flatbuffers v0.6.1
    Checking rlp v0.4.5
   Compiling rand_chacha v0.1.1
   Compiling rand_pcg v0.1.2
   Compiling rand v0.6.5
    Checking block-padding v0.1.5
    Checking creep v0.2.2
    Checking unicode-bidi v0.3.4
    Checking unicode-normalization v0.1.13
   Compiling humantime v1.3.0
   Compiling nom v5.1.2
   Compiling unicase v2.6.0
   Compiling error-chain v0.12.2
   Compiling textwrap v0.11.0
    Checking foreign-types v0.3.2
    Checking tokio-sync v0.1.8
    Checking miniz_oxide v0.4.0
   Compiling clang-sys v0.29.3
    Checking lru-cache v0.1.2
    Checking yaml-rust v0.4.4
    Checking unsafe-any v0.4.2
   Compiling heck v0.3.1
    Checking owning_ref v0.3.3
    Checking rand_hc v0.1.0
    Checking rand_isaac v0.1.1
    Checking rand_xorshift v0.1.1
   Compiling rustc_version v0.2.3
    Checking addr2line v0.12.2
    Checking impl-rlp v0.2.1
    Checking flatbuffers-verifier v0.2.1
    Checking typemap v0.3.3
   Compiling smallvec v0.6.13
    Checking aho-corasick v0.7.13
    Checking xml-rs v0.7.0
    Checking quote v1.0.7
    Checking idna v0.1.5
    Checking idna v0.2.0
    Checking tiny-keccak v1.5.0
    Checking snap v0.2.5
    Checking fxhash v0.2.1
    Checking base64 v0.10.1
    Checking uint v0.4.1
   Compiling parking_lot_core v0.5.0
   Compiling parking_lot v0.8.0
   Compiling parking_lot_core v0.6.2
   Compiling parking_lot v0.9.0
   Compiling hyper v0.12.35
    Checking num_cpus v1.13.0
    Checking iovec v0.1.4
    Checking rand_os v0.1.3
    Checking rand v0.4.6
    Checking net2 v0.2.34
    Checking backtrace v0.3.49
    Checking parking_lot_core v0.7.2
    Checking signal-hook-registry v1.2.0
    Checking hostname v0.3.1
    Checking time v0.1.43
    Checking parking_lot_core v0.8.0
    Checking atty v0.2.14
    Checking socket2 v0.3.12
    Checking thread-id v3.3.0
   Compiling which v3.1.1
    Checking flate2 v1.0.16
   Compiling quote v0.6.13
    Checking hasher v0.1.3
    Checking crossbeam-channel v0.4.2
    Checking crossbeam-queue v0.2.3
    Checking tokio-executor v0.1.10
    Checking xmltree v0.8.0
    Checking generic-array v0.12.3
    Checking url v1.7.2
    Checking url v2.1.1
    Checking regex v1.3.9
    Checking bytes v0.4.12
   Compiling mime_guess v2.0.3
    Checking threadpool v1.8.1
    Checking futures-cpupool v0.1.8
    Checking rand_core v0.5.1
    Checking resolv-conf v0.6.3
    Checking clap v2.33.1
    Checking parking_lot v0.10.2
    Checking parking_lot v0.11.0
    Checking ordered-float v1.1.0
    Checking tokio-timer v0.2.13
    Checking tokio-current-thread v0.1.7
    Checking crossbeam-deque v0.7.3
    Checking fixed-hash v0.2.5
    Checking rand v0.3.23
    Checking parking_lot_core v0.2.14
    Checking digest v0.8.1
    Checking block-buffer v0.7.3
    Checking block-cipher-trait v0.6.2
    Checking stream-cipher v0.3.2
    Checking crypto-mac v0.7.0
    Checking http v0.1.21
    Checking string v0.2.1
    Checking tokio-buf v0.1.1
    Checking rand_chacha v0.2.2
    Checking rand_pcg v0.2.1
    Checking cookie v0.12.0
    Checking chrono v0.4.12
    Checking publicsuffix v1.5.4
    Checking libmath v0.1.4
    Checking uuid v0.7.4
    Checking aes-soft v0.3.3
    Checking twofish v0.2.0
    Checking sha3 v0.8.2
    Checking sha2 v0.8.2
    Checking ctr v0.3.2
    Checking hmac v0.7.1
    Checking parking_lot v0.4.8
    Checking prime_tools v0.2.2
   Compiling cexpr v0.4.0
    Checking rand v0.7.3
    Checking aes-ctr v0.3.0
    Checking chashmap v2.2.2
    Checking http-body v0.1.0
    Checking fixed-hash v0.5.2
   Compiling cc v1.0.41
   Compiling synstructure v0.12.4
   Compiling synstructure v0.10.2
   Compiling secp256k1-sys v0.1.2
   Compiling openssl-sys v0.9.58
   Compiling libloading v0.5.2
   Compiling secp256k1 v0.15.5
   Compiling ring v0.16.12
   Compiling brotli-sys v0.3.2
   Compiling futures-macro v0.3.5
   Compiling derive_more v0.99.9
   Compiling async-trait v0.1.36
   Compiling prost-derive v0.6.1
   Compiling tokio-macros v0.2.5
   Compiling muta-codec-derive v0.2.0
   Compiling thiserror-impl v1.0.20
   Compiling trackable_derive v0.1.3
   Compiling static-metric-proc-macros v0.1.0 (https://github.com/tikv/rust-prometheus.git?rev=fd122caa03#fd122caa)
   Compiling ophelia-derive v0.2.0
   Compiling actix-macros v0.1.2
   Compiling enum-as-inner v0.3.2
   Compiling actix-web-codegen v0.2.2
   Compiling juniper_codegen v0.14.2
   Compiling zeroize_derive v0.9.3
   Compiling derive_more v0.15.0
   Compiling quickcheck_macros v0.8.0
    Checking trackable v0.2.23
    Checking failure v0.1.8
   Compiling proc-macro-error-attr v0.3.4
    Checking secp256k1 v0.17.2
    Checking thrift_codec v0.1.1
    Checking rustracing v0.4.0
    Checking thiserror v1.0.20
    Checking brotli2 v0.3.2
    Checking zeroize v0.9.3
    Checking ophelia-hasher v0.2.0
    Checking rustracing_jaeger v0.4.1
   Compiling proc-macro-error v0.3.4
   Compiling juniper_codegen v0.14.2 (https://github.com/graphql-rust/juniper?rev=eff086a#eff086a3)
    Checking prometheus-static-metric v0.3.0 (https://github.com/tikv/rust-prometheus.git?rev=fd122caa03#fd122caa)
    Checking pin-project v0.4.22
    Checking futures-util v0.3.5
    Checking futures-executor v0.3.5
    Checking actix-service v1.0.5
    Checking futures v0.3.5
    Checking bytes v0.5.5
    Checking ethereum-types-serialize v0.2.2
    Checking bincode v1.3.1
    Checking serde_urlencoded v0.6.1
    Checking serde_yaml v0.8.13
    Checking serde-value v0.5.3
    Checking serde_urlencoded v0.5.5
    Checking toml v0.4.10
    Checking toml v0.5.6
    Checking impl-serde v0.2.3
    Checking ethbloom v0.5.3
    Checking ethbloom v0.8.1
    Checking mio v0.6.22
    Checking tokio-io v0.1.13
    Checking attohttpc v0.4.5
    Checking actix-threadpool v0.3.2
    Checking tokio-threadpool v0.1.18
    Checking want v0.2.0
    Checking env_logger v0.7.1
    Checking env_logger v0.6.2
    Checking ethereum-types v0.4.2
    Checking juniper v0.14.2 (https://github.com/graphql-rust/juniper?rev=eff086a#eff086a3)
    Checking prost v0.6.1
    Checking ophelia v0.2.0
    Checking tentacle-multiaddr v0.1.0 (https://github.com/zeroqn/p2p?rev=31db6ad#31db6ad8)
    Checking http v0.2.1
    Checking bytestring v0.1.5
    Checking igd v0.9.1
    Checking quickcheck v0.9.2
    Checking tokio-codec v0.1.2
    Checking h2 v0.1.26
    Checking ophelia-secp256k1 v0.2.0
    Checking tokio-fs v0.1.7
    Checking mio-uds v0.6.8
    Checking tokio-reactor v0.1.12
    Checking amcl_wrapper v0.2.3
    Checking log4rs v0.8.3
    Checking cookie_store v0.7.0
    Checking moodyblues-sdk v0.3.0
    Checking tokio v0.2.21
    Checking tokio-udp v0.1.6
    Checking tokio-tcp v0.1.4
    Checking tokio-uds v0.2.7
    Checking secret_sharing v0.1.1
    Checking tokio v0.1.22
    Checking rlp v0.3.0
    Checking bls_amcl v0.7.0
    Checking ophelia-bls-amcl v0.2.0
    Checking ophelia-bls-amcl v0.1.1
    Checking tentacle-secio v0.1.11
    Checking cita_trie v2.0.0
   Compiling muta-apm-derive v0.1.0-alpha.12
    Checking common-logger v0.1.0-alpha.0 (/workspace/source/common/logger)
    Checking common-crypto v0.1.0-alpha.0 (/workspace/source/common/crypto)
    Checking muta-protocol v0.1.0-alpha.1 (/workspace/source/protocol)
    Checking muta-protocol v0.1.0-alpha.1
    Checking actix-router v0.2.4
    Checking muta-keypair v0.1.0-alpha.1 (/workspace/source/devtools/keypair)
    Checking muta-apm v0.1.0-alpha.15
    Checking tokio-util v0.2.0
    Checking actix-rt v1.1.1
    Checking trust-dns-proto v0.18.0-alpha.2
    Checking tokio-util v0.3.1
    Checking overlord v0.2.0-alpha.13 (https://github.com/nervosnetwork/overlord?rev=f9a5dbe6#f9a5dbe6)
    Checking overlord v0.2.0-alpha.13
    Checking common-apm v0.1.0 (/workspace/source/common/apm)
    Checking common-merkle v0.1.0-alpha.0 (/workspace/source/common/merkle)
    Checking binding-macro v0.1.0-alpha.0 (/workspace/source/binding-macro)
    Checking tokio-yamux v0.1.14 (https://github.com/zeroqn/p2p?rev=31db6ad#31db6ad8)
    Checking actix-codec v0.2.0
    Checking h2 v0.2.5
    Checking hyper-tls v0.3.2
    Checking actix-utils v1.0.6
    Checking reqwest v0.9.24
    Checking tentacle v0.2.7 (https://github.com/zeroqn/p2p?rev=31db6ad#31db6ad8)
    Checking actix-server v1.0.3
    Checking actix-tls v1.0.0
    Checking common-config-parser v0.1.0-alpha.0 (/workspace/source/common/config-parser)
    Checking actix-testing v1.0.1
    Checking trust-dns-resolver v0.18.0-alpha.2
    Checking tentacle-identify v0.2.10 (https://github.com/zeroqn/p2p?rev=31db6ad#31db6ad8)
    Checking tentacle-discovery v0.2.9 (https://github.com/zeroqn/p2p?rev=31db6ad#31db6ad8)
    Checking tentacle-ping v0.3.9 (https://github.com/zeroqn/p2p?rev=31db6ad#31db6ad8)
    Checking core-network v0.1.0-alpha.0 (/workspace/source/core/network)
    Checking actix-connect v1.0.2
    Checking actix-http v1.0.1
   Compiling librocksdb-sys v6.7.4
    Checking util v0.1.0-alpha.0 (/workspace/source/built-in-services/util)
    Checking asset v0.1.0-alpha.0 (/workspace/source/built-in-services/asset)
    Checking metadata v0.1.0-alpha.0 (/workspace/source/built-in-services/metadata)
    Checking multi-signature v0.1.0-alpha.0 (/workspace/source/built-in-services/multi-signature)
    Checking authorization v0.1.0 (/workspace/source/built-in-services/authorization)
    Checking core-mempool v0.1.0-alpha.0 (/workspace/source/core/mempool)
    Checking awc v1.0.1
    Checking actix-web v2.0.0
    Checking core-api v0.1.0-alpha.0 (/workspace/source/core/api)
    Checking rocksdb v0.12.4
    Checking rocksdb v0.14.0
    Checking framework v0.1.0-alpha.0 (/workspace/source/framework)
    Checking core-storage v0.1.0-alpha.0 (/workspace/source/core/storage)
    Checking core-consensus v0.1.0-alpha.0 (/workspace/source/core/consensus)
    Checking muta v0.1.0-alpha.0 (/workspace/source)
    Finished dev [unoptimized + debuginfo] target(s) in 3m 12s
env  cargo test  --all -- --nocapture
   Compiling fnv v1.0.7
   Compiling gimli v0.21.0
   Compiling adler32 v1.1.0
   Compiling smallvec v1.4.0
   Compiling rustc-demangle v0.1.16
   Compiling object v0.20.0
   Compiling ppv-lite86 v0.2.8
   Compiling percent-encoding v2.1.0
   Compiling opaque-debug v0.2.3
   Compiling byte-tools v0.3.1
   Compiling match_cfg v0.1.0
   Compiling spin v0.5.2
   Compiling arc-swap v0.4.7
   Compiling pin-project-lite v0.1.7
   Compiling tinyvec v0.3.3
   Compiling matches v0.1.8
   Compiling keccak v0.1.0
   Compiling miracl_amcl v3.2.5
   Compiling percent-encoding v1.0.1
   Compiling foreign-types-shared v0.1.1
   Compiling dtoa v0.4.6
   Compiling adler v0.2.2
   Compiling untrusted v0.7.1
   Compiling fake-simd v0.1.2
   Compiling unsigned-varint v0.2.3
   Compiling linked-hash-map v0.5.3
   Compiling bs58 v0.3.1
   Compiling instant v0.1.5
   Compiling copyless v0.1.5
   Compiling futures-timer v2.0.2
   Compiling mime v0.3.16
   Compiling futures-timer v3.0.2
   Compiling traitobject v0.1.0
   Compiling bit-vec v0.6.2
   Compiling antidote v1.0.0
   Compiling log-mdc v0.1.0
   Compiling try-lock v0.2.2
   Compiling arc-swap v0.3.11
   Compiling language-tags v0.2.2
   Compiling static_merkle_tree v1.1.0
   Compiling sha1 v0.6.0
   Compiling openssl-probe v0.1.2
   Compiling base64 v0.11.0
   Compiling uuid v0.8.1
   Compiling stringreader v0.1.1
   Compiling stable_deref_trait v1.1.1
   Compiling subtle v1.0.0
   Compiling static_assertions v1.1.0
   Compiling bs58 v0.2.5
   Compiling hex v0.3.2
   Compiling creep v0.1.1
   Compiling common-pubsub v0.1.0-alpha.0 (/workspace/source/common/pubsub)
   Compiling common-channel v0.1.0-alpha.0 (/workspace/source/common/channel)
   Compiling lock_api v0.3.4
   Compiling lock_api v0.4.0
   Compiling try_from v0.3.2
   Compiling block-padding v0.1.5
   Compiling unicode-bidi v0.3.4
   Compiling tokio-sync v0.1.8
   Compiling miniz_oxide v0.3.7
   Compiling foreign-types v0.3.2
   Compiling miniz_oxide v0.4.0
   Compiling flatbuffers v0.6.1
   Compiling unsafe-any v0.4.2
   Compiling lru-cache v0.1.2
   Compiling yaml-rust v0.4.4
   Compiling unicode-normalization v0.1.13
   Compiling owning_ref v0.3.3
   Compiling rayon v1.3.1
   Compiling impl-rlp v0.2.1
   Compiling typenum v1.12.0
   Compiling protobuf v2.15.1
   Compiling crc32fast v1.2.0
   Compiling httparse v1.3.4
   Compiling encoding_rs v0.8.23
   Compiling typemap v0.3.3
   Compiling getrandom v0.1.14
   Compiling iovec v0.1.4
   Compiling net2 v0.2.34
   Compiling parking_lot_core v0.7.2
   Compiling hostname v0.3.1
   Compiling signal-hook-registry v1.2.0
   Compiling time v0.1.43
   Compiling parking_lot_core v0.8.0
   Compiling socket2 v0.3.12
   Compiling thread-id v3.3.0
   Compiling snap v0.2.5
   Compiling fxhash v0.2.1
   Compiling base64 v0.10.1
   Compiling num-traits v0.2.12
   Compiling xml-rs v0.7.0
   Compiling error-chain v0.12.2
   Compiling flatbuffers-verifier v0.2.1
   Compiling threadpool v1.8.1
   Compiling futures-cpupool v0.1.8
   Compiling rand v0.3.23
   Compiling flate2 v1.0.16
   Compiling bytes v0.4.12
   Compiling rand_core v0.5.1
   Compiling resolv-conf v0.6.3
   Compiling parking_lot v0.10.2
   Compiling idna v0.1.5
   Compiling idna v0.2.0
   Compiling generic-array v0.12.3
   Compiling parking_lot v0.11.0
   Compiling parking_lot_core v0.2.14
   Compiling crossbeam-channel v0.4.2
   Compiling tokio-executor v0.1.10
   Compiling libmath v0.1.4
   Compiling rand_chacha v0.2.2
   Compiling rand_pcg v0.2.1
   Compiling http v0.1.21
   Compiling tokio-buf v0.1.1
   Compiling string v0.2.1
   Compiling xmltree v0.8.0
   Compiling parking_lot v0.4.8
   Compiling digest v0.8.1
   Compiling block-buffer v0.7.3
   Compiling block-cipher-trait v0.6.2
   Compiling stream-cipher v0.3.2
   Compiling crypto-mac v0.7.0
   Compiling parking_lot_core v0.6.2
   Compiling uuid v0.7.4
   Compiling num-integer v0.1.43
   Compiling ordered-float v1.1.0
   Compiling prime_tools v0.2.2
   Compiling tokio-current-thread v0.1.7
   Compiling tokio-timer v0.2.13
   Compiling addr2line v0.12.2
   Compiling url v1.7.2
   Compiling thiserror v1.0.20
   Compiling trackable v0.2.23
   Compiling prometheus-static-metric v0.3.0 (https://github.com/tikv/rust-prometheus.git?rev=fd122caa03#fd122caa)
   Compiling url v2.1.1
   Compiling rand v0.7.3
   Compiling sha3 v0.8.2
   Compiling sha2 v0.8.2
   Compiling aes-soft v0.3.3
   Compiling twofish v0.2.0
   Compiling ctr v0.3.2
   Compiling mime_guess v2.0.3
   Compiling hmac v0.7.1
   Compiling chashmap v2.2.2
   Compiling parking_lot v0.9.0
   Compiling indexmap v1.4.0
   Compiling serde-value v0.5.3
   Compiling serde_yaml v0.8.13
   Compiling toml v0.4.10
   Compiling toml v0.5.6
   Compiling impl-serde v0.2.3
   Compiling chrono v0.4.12
   Compiling num-bigint v0.2.6
   Compiling ophelia-hasher v0.2.0
   Compiling thrift_codec v0.1.1
   Compiling backtrace v0.3.49
   Compiling zeroize v0.9.3
   Compiling aes-ctr v0.3.0
   Compiling mio v0.6.22
   Compiling tokio-io v0.1.13
   Compiling actix-threadpool v0.3.2
   Compiling tokio-threadpool v0.1.18
   Compiling want v0.2.0
   Compiling env_logger v0.6.2
   Compiling tentacle-multiaddr v0.1.0 (https://github.com/zeroqn/p2p?rev=31db6ad#31db6ad8)
   Compiling http v0.2.1
   Compiling bytestring v0.1.5
   Compiling moodyblues-sdk v0.3.0
   Compiling cookie v0.12.0
   Compiling serde_urlencoded v0.5.5
   Compiling serde_urlencoded v0.6.1
   Compiling publicsuffix v1.5.4
   Compiling actix-service v1.0.5
   Compiling prometheus v0.8.0 (https://github.com/tikv/rust-prometheus.git?rev=fd122caa03#fd122caa)
   Compiling ophelia v0.2.0
   Compiling fixed-hash v0.5.2
   Compiling amcl_wrapper v0.2.3
   Compiling quickcheck v0.9.2
   Compiling attohttpc v0.4.5
   Compiling http-body v0.1.0
   Compiling failure v0.1.8
   Compiling rustracing v0.4.0
   Compiling log4rs v0.8.3
   Compiling tokio-codec v0.1.2
   Compiling h2 v0.1.26
   Compiling mio-uds v0.6.8
   Compiling tokio-reactor v0.1.12
   Compiling tokio-fs v0.1.7
   Compiling ethbloom v0.8.1
   Compiling cookie_store v0.7.0
   Compiling igd v0.9.1
   Compiling rustracing_jaeger v0.4.1
   Compiling juniper v0.14.2 (https://github.com/graphql-rust/juniper?rev=eff086a#eff086a3)
   Compiling tokio v0.2.21
   Compiling secret_sharing v0.1.1
   Compiling tokio-tcp v0.1.4
   Compiling tokio-uds v0.2.7
   Compiling tokio-udp v0.1.6
   Compiling muta-apm v0.1.0-alpha.15
   Compiling bls_amcl v0.7.0
   Compiling cc v1.0.41
   Compiling muta-protocol v0.1.0-alpha.1
   Compiling common-logger v0.1.0-alpha.0 (/workspace/source/common/logger)
   Compiling actix-router v0.2.4
   Compiling muta-protocol v0.1.0-alpha.1 (/workspace/source/protocol)
   Compiling tokio v0.1.22
   Compiling common-apm v0.1.0 (/workspace/source/common/apm)
   Compiling common-merkle v0.1.0-alpha.0 (/workspace/source/common/merkle)
   Compiling ophelia-bls-amcl v0.2.0
   Compiling ophelia-bls-amcl v0.1.1
   Compiling metadata v0.1.0-alpha.0 (/workspace/source/built-in-services/metadata)
   Compiling asset v0.1.0-alpha.0 (/workspace/source/built-in-services/asset)
   Compiling authorization v0.1.0 (/workspace/source/built-in-services/authorization)
   Compiling hyper v0.12.35
   Compiling secp256k1-sys v0.1.2
   Compiling libloading v0.5.2
   Compiling openssl-sys v0.9.58
   Compiling secp256k1 v0.15.5
   Compiling ring v0.16.12
   Compiling brotli-sys v0.3.2
   Compiling tokio-util v0.2.0
   Compiling actix-rt v1.1.1
   Compiling trust-dns-proto v0.18.0-alpha.2
   Compiling tokio-util v0.3.1
   Compiling overlord v0.2.0-alpha.13 (https://github.com/nervosnetwork/overlord?rev=f9a5dbe6#f9a5dbe6)
   Compiling overlord v0.2.0-alpha.13
   Compiling tokio-yamux v0.1.14 (https://github.com/zeroqn/p2p?rev=31db6ad#31db6ad8)
   Compiling actix-codec v0.2.0
   Compiling h2 v0.2.5
   Compiling openssl v0.10.30
   Compiling native-tls v0.2.4
   Compiling clang-sys v0.29.3
   Compiling secp256k1 v0.17.2
   Compiling actix-utils v1.0.6
   Compiling brotli2 v0.3.2
   Compiling ophelia-secp256k1 v0.2.0
   Compiling common-crypto v0.1.0-alpha.0 (/workspace/source/common/crypto)
   Compiling util v0.1.0-alpha.0 (/workspace/source/built-in-services/util)
   Compiling multi-signature v0.1.0-alpha.0 (/workspace/source/built-in-services/multi-signature)
   Compiling actix-server v1.0.3
   Compiling actix-tls v1.0.0
   Compiling tentacle-secio v0.2.2 (https://github.com/zeroqn/p2p?rev=31db6ad#31db6ad8)
   Compiling trust-dns-resolver v0.18.0-alpha.2
   Compiling actix-testing v1.0.1
   Compiling tentacle-secio v0.1.11
   Compiling bindgen v0.53.3
   Compiling actix-connect v1.0.2
   Compiling hyper-tls v0.3.2
   Compiling muta-keypair v0.1.0-alpha.1 (/workspace/source/devtools/keypair)
   Compiling actix-http v1.0.1
   Compiling reqwest v0.9.24
   Compiling tentacle v0.2.7 (https://github.com/zeroqn/p2p?rev=31db6ad#31db6ad8)
   Compiling common-config-parser v0.1.0-alpha.0 (/workspace/source/common/config-parser)
   Compiling tentacle-identify v0.2.10 (https://github.com/zeroqn/p2p?rev=31db6ad#31db6ad8)
   Compiling tentacle-discovery v0.2.9 (https://github.com/zeroqn/p2p?rev=31db6ad#31db6ad8)
   Compiling tentacle-ping v0.3.9 (https://github.com/zeroqn/p2p?rev=31db6ad#31db6ad8)
   Compiling core-network v0.1.0-alpha.0 (/workspace/source/core/network)
   Compiling awc v1.0.1
   Compiling actix-web v2.0.0
   Compiling librocksdb-sys v6.7.4
   Compiling core-mempool v0.1.0-alpha.0 (/workspace/source/core/mempool)
   Compiling core-api v0.1.0-alpha.0 (/workspace/source/core/api)
   Compiling rocksdb v0.12.4
   Compiling rocksdb v0.14.0
   Compiling framework v0.1.0-alpha.0 (/workspace/source/framework)
   Compiling core-storage v0.1.0-alpha.0 (/workspace/source/core/storage)
   Compiling binding-macro v0.1.0-alpha.0 (/workspace/source/binding-macro)
   Compiling core-consensus v0.1.0-alpha.0 (/workspace/source/core/consensus)
   Compiling muta v0.1.0-alpha.0 (/workspace/source)
    Finished test [unoptimized + debuginfo] target(s) in 4m 05s
     Running target/debug/deps/asset-6cb46949695047f3

running 4 tests
test tests::test_create_asset ... ok
test tests::test_approve ... ok
test tests::test_transfer ... ok
test tests::test_transfer_from ... ok

test result: ok. 4 passed; 0 failed; 0 ignored; 0 measured; 0 filtered out

     Running target/debug/deps/authorization-9fc6cbb20a13bc20

running 0 tests

test result: ok. 0 passed; 0 failed; 0 ignored; 0 measured; 0 filtered out

     Running target/debug/deps/binding_macro-a0c21811a2c7e0e4

running 0 tests

test result: ok. 0 passed; 0 failed; 0 ignored; 0 measured; 0 filtered out

     Running target/debug/deps/mod-5ca295a046455138

running 7 tests
test test_read_and_write_with_noneparams ... ok
test test_read_and_write ... ok
test test_cycles ... ok
test test_hooks ... ok
test test_service_none_response ... ok
test test_service_none_payload ... ok
test test_service ... ok

test result: ok. 7 passed; 0 failed; 0 ignored; 0 measured; 0 filtered out

     Running target/debug/deps/common_apm-734816ec0e7e05cf

running 0 tests

test result: ok. 0 passed; 0 failed; 0 ignored; 0 measured; 0 filtered out

     Running target/debug/deps/common_channel-0d349c36ed7b5b80

running 1 test
test tests::it_works ... ok

test result: ok. 1 passed; 0 failed; 0 ignored; 0 measured; 0 filtered out

     Running target/debug/deps/common_config_parser-6fb8311aa2ebd61f

running 4 tests
test tests::test_parse ... ignored
test tests::test_parse_file ... ignored
test tests::test_parse_http ... ignored
test tests::test_parse_reader ... ok

test result: ok. 1 passed; 0 failed; 3 ignored; 0 measured; 0 filtered out

     Running target/debug/deps/common_crypto-db50046925e71f62

running 10 tests
test benches::bench_4_aggregated_sig_verify ... ok
test benches::bench_4_aggregated_sig ... ok
test benches::bench_8_aggregated_sig ... ok
test benches::bench_8_aggregated_sig_verify ... ok
test benches::bench_16_aggregated_sig ... ok
test benches::bench_16_aggregated_sig_verify ... ok
test benches::bench_32_aggregated_sig ... ok
test benches::bench_32_aggregated_sig_verify ... ok
test benches::bench_64_aggregated_sig ... ok
test benches::bench_64_aggregated_sig_verify ... ok

test result: ok. 10 passed; 0 failed; 0 ignored; 0 measured; 0 filtered out

     Running target/debug/deps/common_logger-f1bb6e1e7b4e7d70

running 0 tests

test result: ok. 0 passed; 0 failed; 0 ignored; 0 measured; 0 filtered out

     Running target/debug/deps/common_merkle-65f150a0478e49be

running 5 tests
test benches::bench_merkle_1000_hashes ... ok
test benches::bench_merkle_2000_hashes ... ok
test benches::bench_merkle_4000_hashes ... ok
test benches::bench_merkle_8000_hashes ... ok
test benches::bench_merkle_16000_hashes ... ok

test result: ok. 5 passed; 0 failed; 0 ignored; 0 measured; 0 filtered out

     Running target/debug/deps/common_pubsub-bbb32d51ed9b53c5

running 1 test
test tests::it_works ... ok

test result: ok. 1 passed; 0 failed; 0 ignored; 0 measured; 0 filtered out

     Running target/debug/deps/core_api-dcb29c987f8ae1c1

running 0 tests

test result: ok. 0 passed; 0 failed; 0 ignored; 0 measured; 0 filtered out

     Running target/debug/deps/core_consensus-f13822cb1b95ba86

running 16 tests
test util::tests::test_zip_roots ... ok
test util::tests::test_convert_from_hex ... ok
test fixed_types::test::test_block_codec ... ok
test util::tests::test_aggregate_pubkeys_order ... ok
test wal::tests::test_txs_wal ... ok
test wal::tests::test_wal_txs_codec ... ok
test wal::tests::bench_save_wal_1000_txs ... ok
test wal::tests::bench_save_wal_2000_txs ... ok
test wal::tests::bench_save_wal_4000_txs ... ok
test wal::tests::bench_save_wal_8000_txs ... ok
test fixed_types::test::test_txs_codec ... ok
test wal::tests::bench_txs_prost_encode ... ok
Ok(())
test util::tests::test_bls_amcl ... ok
test wal::tests::bench_txs_rlp_encode ... ok
test wal::tests::bench_save_wal_16000_txs ... ok
test tests::synchronization::sync_gap_test ... test tests::synchronization::sync_gap_test has been running for over 60 seconds
test tests::synchronization::sync_gap_test ... ok

test result: ok. 16 passed; 0 failed; 0 ignored; 0 measured; 0 filtered out

     Running target/debug/deps/core_mempool-842ceeaeeee85247

running 40 tests
test tests::mempool::bench_check_sig_serial_1 ... ok
test adapter::tests::test_interval_broadcast_reach_cache_size ... ok
test map::tests::bench_std_map_insert ... ok
test tests::mempool::bench_check_sig_serial_10 ... ok
test map::tests::bench_chashmap_insert ... ok
test map::tests::bench_map_insert ... ok
test tests::mempool::bench_check_sig ... ok
test tests::mempool::bench_mock_txs ... ok
test tests::mempool::bench_check_sig_serial_100 ... ok
test adapter::tests::test_interval_timer ... ok
test adapter::tests::test_interval_broadcast ... ok
test adapter::tests::test_interval_broadcast_reach_interval ... ok
test tests::mempool::bench_insert_serial_10 ... ok
test tests::mempool::bench_insert_serial_1 ... ok
test tests::mempool::bench_flush ... ok
test tests::mempool::bench_insert ... ok
test tests::mempool::bench_insert_serial_100 ... ok
test tx_cache::tests::bench_flush ... ok
test tests::mempool::test_insert ... ok
test tests::mempool::test_sync_propose_txs ... ok
test tx_cache::tests::bench_gen_txs ... ok
test tx_cache::tests::bench_flush_insert ... ok
test tx_cache::tests::bench_insert ... ok
test tests::mempool::test_package_order_consistent_with_insert_order ... ok
test tx_cache::tests::test_insert_overlap ... ok
test tx_cache::tests::bench_package ... ok
test tx_cache::tests::bench_package_insert ... ok
test tx_cache::tests::test_concurrent_insert ... ok
test tests::mempool::test_ensure_order_txs ... ok
test tests::mempool::bench_check_sig_serial_1000 ... ok
test tests::mempool::test_package ... ok
test tests::mempool::test_flush ... ok
test tests::mempool::bench_insert_serial_1000 ... ok
test tests::mempool::bench_get_10000_full_txs ... ok
test tests::mempool::bench_get_20000_full_txs ... ok
test tests::mempool::bench_get_40000_full_txs ... ok
test tests::mempool::bench_package ... ok
bench_sign size 30000 cost 20.2919047s
test tests::mempool::bench_sign ... ok
bench_sign_with_spawn_list size 30000 cost 24.380795794s
test tests::mempool::bench_sign_with_spawn_list ... ok
test tests::mempool::bench_get_80000_full_txs ... ok

test result: ok. 40 passed; 0 failed; 0 ignored; 0 measured; 0 filtered out

     Running target/debug/deps/core_network-abe65e735cd17b50

running 93 tests
test endpoint::tests::should_able_parse_valid_endpoint_url ... ok
test peer_manager::shared::tests::should_push_not_found_chain_addr_to_unconneded_on_by_chain ... ok
test peer_manager::peer::tests::should_reset_trust_metric_history_after_unban ... ok
test peer_manager::test_manager::should_add_new_listen_on_add_new_listen_addr ... ok
test peer_manager::test_manager::should_always_include_our_listen_addrs_in_return_from_manager_handle_random_addrs ... ok
test peer_manager::test_manager::should_accept_new_peer_inbound_connection_on_new_session ... ok
test peer_manager::test_manager::should_add_ten_bad_events_for_worse_feedback_on_trust_metric ... ok
test peer_manager::test_manager::should_add_one_bad_event_on_session_blocked ... ok
test peer_manager::test_manager::should_add_one_bad_event_for_good_feedback_on_trust_metric ... ok
test peer_manager::test_manager::should_accept_outbound_connection_and_remove_mached_connecting_on_new_session ... ok
test peer_manager::test_manager::should_connect_peers_even_if_they_are_not_retry_ready_on_connect_peers_now ... ok
test peer_manager::test_manager::should_add_one_bad_event_for_bad_feedback_on_trust_metric ... ok
test message::tests::prop_protocol_type_serialization ... ok
test peer_manager::test_manager::should_add_multiaddrs_to_peer_on_identified_addrs ... ok
test peer_manager::test_manager::should_always_remove_inbound_multiaddr_even_if_we_reach_max_connections_on_new_session ... ok
test peer_manager::test_manager::should_disconnect_and_ban_peer_for_fatal_feedback_on_trust_metric ... ok
test peer_manager::test_manager::should_disconnect_peer_on_misbehave ... ok
test peer_manager::test_manager::should_add_new_outbound_multiaddr_to_peer_on_new_session ... ok
test peer_manager::test_manager::should_ensure_disconnect_session_on_session_failed ... ok
test peer_manager::test_manager::should_exclude_whitelisted_peer_for_fatal_feedback_on_trust_metric ... ok
test peer_manager::test_manager::should_exclude_whitelisted_peer_if_below_fourty_score_on_worse_feedback_on_trust_metric ... ok
test peer_manager::test_manager::should_give_up_peer_for_discovery_on_misbehave ... ok
test peer_manager::test_manager::should_do_nothing_for_neutral_feedback_on_trust_metric ... ok
test peer_manager::test_manager::should_disconnect_and_soft_ban_peer_if_below_fourty_score_on_worse_feedback_on_trust_metric ... ok
test peer_manager::test_manager::should_enforce_id_if_not_included_on_repeated_connection ... ok
test peer_manager::test_manager::should_give_up_peer_for_protocol_error_on_session_failed ... ok
test peer_manager::test_manager::should_give_up_peer_if_run_out_retry_on_connect_failed ... ok
test peer_manager::test_manager::should_give_up_peer_for_unexpected_error_on_session_failed ... ok
test peer_manager::test_manager::should_enforce_id_in_multiaddr_on_new_session ... ok
test peer_manager::test_manager::should_give_up_peer_itself_if_protocol_handle_error_on_connect_failed ... ok
test peer_manager::test_manager::should_give_up_peer_itself_if_secio_handshake_error_on_connect_failed ... ok
test peer_manager::test_manager::should_increase_retry_for_io_error_on_session_failed ... ok
test peer_manager::test_manager::should_give_up_peer_for_ping_unexpect_on_misbehave ... ok
test peer_manager::test_manager::should_increase_peer_retry_if_all_multiaddrs_failed_on_conect_failed ... ok
test peer_manager::test_manager::should_inc_peer_multiaddr_failure_count_for_dns_error_on_connect_failed ... ok
test peer_manager::test_manager::should_give_up_peer_multiaddr_if_peer_id_not_match_on_connect_failed ... ok
test peer_manager::test_manager::should_increase_retry_for_ping_timeout_on_misbehave ... ok
test peer_manager::test_manager::should_inc_peer_multiaddr_failure_count_for_io_error_on_connect_failed ... ok
test peer_manager::test_manager::should_ignore_inbound_address_on_new_session ... ok
[2020-07-03T10:03:44Z ERROR core_network::peer_manager] got new session event on same peer PeerId(Qmb7ue8YbrnaFtGwKoKSMbQAJ9pxV2b5EBGhJdarKML6w7)
[2020-07-03T10:03:44Z ERROR core_network::peer_manager] network: impossible, peer session SessionId(1) outdated
test peer_manager::test_manager::should_keep_new_connection_for_error_outdated_peer_session_on_new_session ... ok
test peer_manager::test_manager::should_allow_whitelisted_peer_session_even_if_we_reach_max_connections_on_new_session ... ok
test peer_manager::test_manager::should_increase_retry_for_short_alive_session_on_session_closed ... ok
test peer_manager::test_manager::should_mark_session_blocked_on_session_blocked ... ok
test peer_manager::test_manager::should_not_knock_out_peer_just_set_up_trust_metric_on_worse_feedback_on_trust_metric ... ok
test peer_manager::test_manager::should_not_reset_exist_multiaddr_failure_count_on_discover_multi_addrs ... ok
test peer_manager::test_manager::should_not_reset_exist_multiaddr_failure_count_on_identified_addrs ... ok
test peer_manager::test_manager::should_push_id_to_listen_multiaddr_if_not_included_on_add_new_listen_addr ... ok
test peer_manager::test_manager::should_only_connect_peers_in_whitelist_if_whitelist_only_enabled ... ok
test peer_manager::test_manager::should_only_allow_incoming_peers_in_whitelist_if_whitelist_only_enabled ... ok
test peer_manager::test_manager::should_not_replace_whitelisted_peer_even_with_better_score_due_to_max_connections_on_new_session ... ok
test peer_manager::test_manager::should_push_id_to_multiaddrs_if_not_included_on_identified_addrs ... ok
test peer_manager::test_manager::should_pause_trust_metric_on_session_closed ... ok
test peer_manager::test_manager::should_reduce_trust_score_on_session_failed ... ok
test peer_manager::test_manager::should_reduce_trust_score_on_misbehave ... ok
test peer_manager::test_manager::should_refresh_whitelist_on_whitelist_peers_by_chain_addrs ... ok
[2020-07-03T10:03:44Z ERROR core_network::peer_manager] got new session event on same peer PeerId(QmXeWpKvY7GCAUrJt8QT3A9qp1DaLXssqYzWCMrfog6Gef)
test peer_manager::test_manager::should_reject_new_connection_for_same_peer_on_new_session ... ok
test peer_manager::test_manager::should_reject_banned_peer_on_new_session ... ok
test peer_manager::test_manager::should_remove_listen_even_if_no_peer_id_included_on_remove_listen_addr ... ok
test peer_manager::test_manager::should_remove_expired_peers_in_whitelist ... ok
test peer_manager::test_manager::should_remove_listen_on_remove_listen_addr ... ok
test peer_manager::test_manager::should_remove_inbound_multiaddr_on_repeated_connection ... ok
test peer_manager::test_manager::should_not_refresh_never_expired_peers_from_config_whitelist ... ok
test peer_manager::test_manager::should_remove_matched_peer_inbound_address_from_ctx_even_if_it_doesnt_have_id_on_new_session ... ok
test peer_manager::test_manager::should_insert_peers_on_discover_multi_addrs ... ok
test peer_manager::test_manager::should_reset_outbound_peer_multiaddr_failure_count_on_new_session ... ok
test peer_manager::test_manager::should_never_expire_peers_from_config_whitelist ... ok
test peer_manager::test_manager::should_not_replace_any_higher_score_peer_due_to_max_connections_on_new_session ... ok
test peer_manager::test_manager::should_return_early_if_we_already_give_up_peer_on_connect_failed ... ok
test peer_manager::test_manager::should_reset_peer_retry_on_peer_alive ... ok
test peer_manager::test_manager::should_set_matched_peer_pubkey_on_new_session ... ok
test peer_manager::test_manager::should_reset_peer_failure_for_outbound_multiaddr_on_repeated_connection ... ok
test peer_manager::test_manager::should_setup_trust_metric_if_none_on_session_blocked ... ok
test peer_manager::test_manager::should_remove_session_on_session_closed ... ok
test peer_manager::test_manager::should_remove_connecting_even_if_session_is_reject_due_to_reach_max_connections_on_new_session ... ok
test peer_manager::test_manager::should_setup_trust_metric_if_none_on_peer_misbehave ... ok
test peer_manager::test_manager::should_not_replace_peer_not_old_enough_due_to_max_connections_on_new_session ... ok
test peer_manager::test_manager::should_pick_good_peer_first_on_finding_connectable_peers ... ok
test peer_manager::test_manager::should_setup_trust_metric_if_none_on_session_failed ... ok
test peer_manager::test_manager::should_not_replace_any_peer_if_incoming_hasnt_trust_score_due_to_max_connections_on_new_session ... ok
test peer_manager::trust_metric::tests::good_interval_cap_test ... ok
test peer_manager::test_manager::should_skip_our_listen_multiaddrs_on_discover_multi_addrs ... ok
test peer_manager::test_manager::should_setup_trust_metric_if_none_on_session_closed ... ok
test peer_manager::test_manager::should_update_chain_book_on_new_session ... ok
test peer_manager::test_manager::should_start_trust_metric_on_connected_peer_on_new_session ... ok
test peer_manager::test_manager::should_wait_for_other_connecting_multiaddrs_if_we_dont_give_up_peer_on_connect_failed ... ok
test peer_manager::test_manager::should_reject_new_connections_when_we_reach_max_connections_on_new_session ... ok
test peer_manager::test_manager::should_skip_peers_not_in_can_connect_or_not_connected_connectedness_on_connect_peers_now ... ok
test peer_manager::test_manager::should_update_peer_alive_on_peer_alive ... ok
test peer_manager::trust_metric::tests::basic_metric_test ... ok
test peer_manager::test_manager::should_replace_low_quality_peer_with_better_one_due_to_max_connections_on_new_session ... ok
test peer_manager::test_manager::should_whitelist_peer_chain_addrs_on_whitelist_peers_by_chain_addrs ... ok
test peer_manager::test_manager::should_try_all_peer_multiaddrs_on_connect_peers_now ... ok
test message::tests::prop_vec_protocol_type_serialization ... ok

test result: ok. 93 passed; 0 failed; 0 ignored; 0 measured; 0 filtered out

     Running target/debug/deps/common-8cc31c6cae72eb16

running 0 tests

test result: ok. 0 passed; 0 failed; 0 ignored; 0 measured; 0 filtered out

     Running target/debug/deps/core_storage-41c3afdef6c636d2

running 16 tests
test tests::storage::test_storage_wal_insert ... ok
test tests::storage::test_storage_latest_proof_insert ... ok
test tests::storage::test_storage_block_insert ... ok
test tests::storage::test_storage_receipts_insert ... ok
test tests::storage::test_storage_transactions_insert ... ok
test tests::adapter::test_adapter_insert ... ok
test tests::adapter::test_adapter_batch_modify ... ok
test tests::adapter::test_adapter_remove ... ok
test tests::storage::bench_insert_10000_receipts ... ok
test tests::storage::bench_insert_10000_txs ... ok
test tests::storage::bench_insert_20000_receipts ... ok
test tests::storage::bench_insert_20000_txs ... ok
test tests::storage::bench_insert_40000_receipts ... ok
test tests::storage::bench_insert_40000_txs ... ok
test tests::storage::bench_insert_80000_receipts ... ok
test tests::storage::bench_insert_80000_txs ... ok

test result: ok. 16 passed; 0 failed; 0 ignored; 0 measured; 0 filtered out

     Running target/debug/deps/framework-d2a350e1aedcd749

running 25 tests
test binding::store::tests::test_contains ... ok
[0, 16, 32, 48, 64, 80, 96, 112, 128, 144, 160, 176, 192, 208, 224, 240, 256]
test binding::store::tests::test_remove ... ok
test binding::store::tests::test_insert ... ok
test binding::tests::store::test_default_store_bool ... ok
test binding::tests::store::test_default_store_string ... ok
test binding::tests::store::test_default_store_uint64 ... ok
test binding::store::map::tests::test_map_and_bucket ... ok
test binding::tests::store::test_default_store_array ... ok
test binding::tests::state::test_state_insert ... ok
test binding::tests::state::test_state_account ... ok
test executor::tests::test_create_genesis ... ok
thread 'executor::tests::test_commit_tx_hook_use_panic_tx' panicked at 'hello panic', framework/src/executor/tests/test_service.rs:82:9
note: run with `RUST_BACKTRACE=1` environment variable to display a backtrace
thread 'executor::tests::test_tx_hook_after_panic' panicked at 'tx hook before', framework/src/executor/tests/test_service.rs:170:13
test executor::tests::test_tx_hook_after_cancel ... ok
test executor::tests::test_commit_tx_hook_use_panic_tx ... ok
test executor::tests::test_service_not_found_panic ... ok
test executor::tests::test_revert_event_on_exec_error ... ok
thread 'executor::tests::test_tx_hook_before_panic' panicked at 'tx hook before', framework/src/executor/tests/test_service.rs:151:13
test executor::tests::test_tx_hook_after_panic ... ok
test binding::tests::sdk::test_service_sdk ... ok
test executor::tests::test_tx_hook_before_cancel ... ok
test binding::tests::store::test_default_store_map ... ok
test executor::tests::test_tx_hook_before_panic ... ok
test executor::tests::test_exec ... ok
test executor::tests::service_call_service::test_service_call_service ... ok
test executor::tests::test_emit_event ... ok
test executor::tests::test_tx_hook ... ok
test executor::tests::bench_execute ... ok

test result: ok. 25 passed; 0 failed; 0 ignored; 0 measured; 0 filtered out

     Running target/debug/deps/metadata-426a9638d237908c

running 1 test
test tests::test_get_metadata ... ok

test result: ok. 1 passed; 0 failed; 0 ignored; 0 measured; 0 filtered out

     Running target/debug/deps/multi_signature-9bd7782d48336f4f

running 9 tests
test tests::curd_test::test_set_threshold ... ok
test tests::curd_test::test_remove_account ... ok
test tests::curd_test::test_set_weight ... ok
test tests::curd_test::test_update_account ... ok
test tests::curd_test::test_adeption_address ... ok
test tests::curd_test::test_generate_multi_signature ... ok
test tests::recursion_test::test_recursion_verify_signature ... ok
test tests::curd_test::test_add_account ... ok
test tests::recursion_test::test_recursion_depth ... ok

test result: ok. 9 passed; 0 failed; 0 ignored; 0 measured; 0 filtered out

     Running target/debug/deps/muta-a52f3dfb5c714fe1

running 0 tests

test result: ok. 0 passed; 0 failed; 0 ignored; 0 measured; 0 filtered out

     Running target/debug/deps/trust_metric-96e1f6cc3dc0b27a

running 19 tests
thread 'tokio-runtime-worker' panicked at 'metadata should not be none', /workspace/source/built-in-services/metadata/src/lib.rs:26:34
note: run with `RUST_BACKTRACE=1` environment variable to display a backtrace
thread 'tokio-runtime-worker' panicked at 'metadata should not be none', /workspace/source/built-in-services/metadata/src/lib.rs:26:34
thread 'tokio-runtime-worker' panicked at 'exec queue dropped!', /rustc/75e1463c52aaea25bd32ed53c73797357e561cce/src/libstd/macros.rs:13:23
thread 'tokio-runtime-worker' panicked at 'metadata should not be none', /workspace/source/built-in-services/metadata/src/lib.rs:26:34
test trust_metric_all::mempool::should_report_good_on_valid_transaction ... ok
thread 'tokio-runtime-worker' panicked at 'metadata should not be none', /workspace/source/built-in-services/metadata/src/lib.rs:26:34
thread 'tokio-runtime-worker' panicked at 'metadata should not be none', /workspace/source/built-in-services/metadata/src/lib.rs:26:34
thread 'tokio-runtime-worker' panicked at 'metadata should not be none', /workspace/source/built-in-services/metadata/src/lib.rs:26:34
thread 'tokio-runtime-worker' panicked at 'metadata should not be none', /workspace/source/built-in-services/metadata/src/lib.rs:26:34
thread 'tokio-runtime-worker' panicked at 'metadata should not be none', /workspace/source/built-in-services/metadata/src/lib.rs:26:34
thread 'tokio-runtime-worker' panicked at 'metadata should not be none', /workspace/source/built-in-services/metadata/src/lib.rs:26:34
thread 'tokio-runtime-worker' panicked at 'metadata should not be none', /workspace/source/built-in-services/metadata/src/lib.rs:26:34
test trust_metric_all::mempool::should_be_disconnected_for_repeated_exceed_tx_size_limit_only_within_four_intervals ... ok
thread 'tokio-runtime-worker' panicked at 'exec queue dropped!', /rustc/75e1463c52aaea25bd32ed53c73797357e561cce/src/libstd/macros.rs:13:23
test trust_metric_all::mempool::should_be_disconnected_for_repeated_exceed_cycles_limit_only_within_four_intervals ... ok
thread 'tokio-runtime-worker' panicked at 'exec queue dropped!', /rustc/75e1463c52aaea25bd32ed53c73797357e561cce/src/libstd/macros.rs:13:23
test trust_metric_all::mempool::should_be_disconnected_for_repeated_wrong_chain_id_only_within_four_intervals ... ok
test trust_metric_all::should_have_working_trust_diagnostic ... ok
test trust_metric_all::trust_metric_basic_setup_test ... ok
thread 'tokio-runtime-worker' panicked at 'get report: Unexpected("rpc to /rpc_call/diagnostic/trust_report [ProtocolError] Kind: Network Error: Internal(RpcTimeout(None))")', tests/trust_metric_all/mempool.rs:251:37
thread 'trust_metric_all::mempool::should_be_disconnected_for_repeated_timeout_larger_than_gap_only_within_four_intervals' panicked at 'test pass: JoinError::Panic(...)', tests/trust_metric_all/mod.rs:35:9
test trust_metric_all::mempool::should_be_disconnected_for_repeated_timeout_larger_than_gap_only_within_four_intervals ... FAILED
thread 'tokio-runtime-worker' panicked at 'get report: Unexpected("rpc to /rpc_call/diagnostic/trust_report [ProtocolError] Kind: Network Error: Internal(RpcTimeout(None))")', tests/trust_metric_all/consensus.rs:164:37
thread 'trust_metric_all::consensus::should_be_disconnected_for_repeated_malicious_new_height_broadcast_within_four_intervals' panicked at 'test pass: JoinError::Panic(...)', tests/trust_metric_all/mod.rs:35:9
test trust_metric_all::consensus::should_be_disconnected_for_repeated_malicious_new_height_broadcast_within_four_intervals ... FAILED
thread 'tokio-runtime-worker' panicked at 'get report: Unexpected("rpc to /rpc_call/diagnostic/trust_report [ProtocolError] Kind: Network Error: Internal(RpcTimeout(None))")', tests/trust_metric_all/consensus.rs:126:37
thread 'trust_metric_all::consensus::should_be_disconnected_for_repeated_undecodeable_choke_within_four_intervals' panicked at 'test pass: JoinError::Panic(...)', tests/trust_metric_all/mod.rs:35:9
thread 'tokio-runtime-worker' panicked at 'fetch trust report: Unexpected("rpc to /rpc_call/diagnostic/trust_report [ProtocolError] Kind: Network Error: Internal(RpcTimeout(None))")', tests/trust_metric_all/mod.rs:137:30
thread 'trust_metric_all::should_be_disconnected_for_repeated_s_strategy_within_17_intervals_from_max_score' panicked at 'test pass: JoinError::Panic(...)', tests/trust_metric_all/mod.rs:35:9
test trust_metric_all::should_be_disconnected_for_repeated_s_strategy_within_17_intervals_from_max_score ... FAILED
test trust_metric_all::should_able_to_reconnect_after_trust_metric_soft_ban ... ok
thread 'tokio-runtime-worker' panicked at 'exec queue dropped!', /rustc/75e1463c52aaea25bd32ed53c73797357e561cce/src/libstd/macros.rs:13:23
test trust_metric_all::consensus::should_be_disconnected_for_repeated_undecodeable_choke_within_four_intervals ... FAILED
test trust_metric_all::consensus::should_be_disconnected_for_repeated_undecodeable_qc_within_four_intervals ... ok
test trust_metric_all::should_be_disconnected_for_repeated_bad_only_within_four_intervals_from_max_score ... ok
test trust_metric_all::consensus::should_be_disconnected_for_repeated_undecodeable_proposal_within_four_intervals ... ok
test trust_metric_all::mempool::should_be_disconnected_for_repeated_wrong_signature_only_within_four_intervals ... ok
test trust_metric_all::mempool::should_be_disconnected_for_repeated_timeout_smaller_than_latest_height_only_within_four_intervals ... ok
test trust_metric_all::consensus::should_be_disconnected_for_repeated_undecodeable_vote_within_four_intervals ... ok
test trust_metric_all::mempool::should_be_disconnected_for_repeated_wrong_tx_hash_only_within_four_intervals ... ok
test trust_metric_all::should_keep_connected_for_z_strategy_but_have_lower_score ... ok

failures:

failures:
    trust_metric_all::consensus::should_be_disconnected_for_repeated_malicious_new_height_broadcast_within_four_intervals
    trust_metric_all::consensus::should_be_disconnected_for_repeated_undecodeable_choke_within_four_intervals
    trust_metric_all::mempool::should_be_disconnected_for_repeated_timeout_larger_than_gap_only_within_four_intervals
    trust_metric_all::should_be_disconnected_for_repeated_s_strategy_within_17_intervals_from_max_score

test result: FAILED. 15 passed; 4 failed; 0 ignored; 0 measured; 0 filtered out

error: test failed, to rerun pass '-p muta --test trust_metric'
Makefile:19: recipe for target 'test' failed
make: *** [test] Error 101
[31m
Pipeline failed on stage 'ci' : container 'step-make-ci'. The execution of the pipeline has stopped.[0m
